generating AIMs for ACB and ASW; pid: 138939
generating AIMs for ACB and BEB; pid: 138941
generating AIMs for ACB and CDX; pid: 138943
generating AIMs for ACB and CEU; pid: 138945
generating AIMs for ACB and CHB; pid: 138947
hit 5 jobs
generating AIMs for ACB and CHS; pid: 139592
generating AIMs for ACB and CLM; pid: 139594
generating AIMs for ACB and ESN; pid: 139596
generating AIMs for ACB and FIN; pid: 139598
generating AIMs for ACB and GBR; pid: 139600
hit 5 jobs
generating AIMs for ACB and GIH; pid: 142129
generating AIMs for ACB and GWD; pid: 142131
generating AIMs for ACB and IBS; pid: 142133
generating AIMs for ACB and ITU; pid: 142135
generating AIMs for ACB and JPT; pid: 142137
hit 5 jobs
generating AIMs for ACB and KHV; pid: 144827
generating AIMs for ACB and LWK; pid: 144829
generating AIMs for ACB and MSL; pid: 144831
generating AIMs for ACB and MXL; pid: 144833
generating AIMs for ACB and PEL; pid: 144835
hit 5 jobs
generating AIMs for ACB and PJL; pid: 144904
generating AIMs for ACB and PUR; pid: 144906
generating AIMs for ACB and STU; pid: 144908
generating AIMs for ACB and TSI; pid: 144910
generating AIMs for ACB and YRI; pid: 144912
hit 5 jobs
generating AIMs for ASW and BEB; pid: 14477
generating AIMs for ASW and CDX; pid: 14479
generating AIMs for ASW and CEU; pid: 14481
generating AIMs for ASW and CHB; pid: 14483
generating AIMs for ASW and CHS; pid: 14485
hit 5 jobs
generating AIMs for ASW and CLM; pid: 15151
generating AIMs for ASW and ESN; pid: 15153
generating AIMs for ASW and FIN; pid: 15155
generating AIMs for ASW and GBR; pid: 15157
generating AIMs for ASW and GIH; pid: 15159
hit 5 jobs
generating AIMs for ASW and GWD; pid: 15219
generating AIMs for ASW and IBS; pid: 15221
generating AIMs for ASW and ITU; pid: 15223
generating AIMs for ASW and JPT; pid: 15225
generating AIMs for ASW and KHV; pid: 15227
hit 5 jobs
generating AIMs for ASW and LWK; pid: 15319
generating AIMs for ASW and MSL; pid: 15321
generating AIMs for ASW and MXL; pid: 15323
generating AIMs for ASW and PEL; pid: 15325
generating AIMs for ASW and PJL; pid: 15327
hit 5 jobs
generating AIMs for ASW and PUR; pid: 16288
generating AIMs for ASW and STU; pid: 16290
generating AIMs for ASW and TSI; pid: 16292
generating AIMs for ASW and YRI; pid: 16294
generating AIMs for BEB and CDX; pid: 16297
hit 5 jobs
generating AIMs for BEB and CEU; pid: 17604
generating AIMs for BEB and CHB; pid: 17606
generating AIMs for BEB and CHS; pid: 17608
generating AIMs for BEB and CLM; pid: 17610
generating AIMs for BEB and ESN; pid: 17612
hit 5 jobs
generating AIMs for BEB and FIN; pid: 17988
generating AIMs for BEB and GBR; pid: 17990
generating AIMs for BEB and GIH; pid: 17992
generating AIMs for BEB and GWD; pid: 17994
generating AIMs for BEB and IBS; pid: 17996
hit 5 jobs
